2025-09-10T12:51:30.586+05:30  INFO 24112 --- [MeowMate_BackEnd] [main] l.i.g.m.MeowMateBackEndApplication       : Starting MeowMateBackEndApplication using Java 21.0.5 with PID 24112 (D:\AADFinalProject\MeowMate_BackEnd\target\classes started by LENOVO in D:\AADFinalProject\MeowMate_BackEnd)
2025-09-10T12:51:30.593+05:30  INFO 24112 --- [MeowMate_BackEnd] [main] l.i.g.m.MeowMateBackEndApplication       : No active profile set, falling back to 1 default profile: "default"
2025-09-10T12:51:33.020+05:30  INFO 24112 --- [MeowMate_BackEnd] [main] .s.d.r.c.RepositoryConfigurationDelegate : Bootstrapping Spring Data JPA repositories in DEFAULT mode.
2025-09-10T12:51:33.143+05:30  INFO 24112 --- [MeowMate_BackEnd] [main] .s.d.r.c.RepositoryConfigurationDelegate : Finished Spring Data repository scanning in 104 ms. Found 4 JPA repository interfaces.
2025-09-10T12:51:34.214+05:30  INFO 24112 --- [MeowMate_BackEnd] [main] o.s.b.w.embedded.tomcat.TomcatWebServer  : Tomcat initialized with port 8080 (http)
2025-09-10T12:51:34.237+05:30  INFO 24112 --- [MeowMate_BackEnd] [main] o.apache.catalina.core.StandardService   : Starting service [Tomcat]
2025-09-10T12:51:34.238+05:30  INFO 24112 --- [MeowMate_BackEnd] [main] o.apache.catalina.core.StandardEngine    : Starting Servlet engine: [Apache Tomcat/10.1.43]
2025-09-10T12:51:34.329+05:30  INFO 24112 --- [MeowMate_BackEnd] [main] o.a.c.c.C.[Tomcat].[localhost].[/]       : Initializing Spring embedded WebApplicationContext
2025-09-10T12:51:34.330+05:30  INFO 24112 --- [MeowMate_BackEnd] [main] w.s.c.ServletWebServerApplicationContext : Root WebApplicationContext: initialization completed in 3652 ms
2025-09-10T12:51:34.681+05:30  INFO 24112 --- [MeowMate_BackEnd] [main] o.hibernate.jpa.internal.util.LogHelper  : HHH000204: Processing PersistenceUnitInfo [name: default]
2025-09-10T12:51:34.778+05:30  INFO 24112 --- [MeowMate_BackEnd] [main] org.hibernate.Version                    : HHH000412: Hibernate ORM core version 6.6.22.Final
2025-09-10T12:51:34.834+05:30  INFO 24112 --- [MeowMate_BackEnd] [main] o.h.c.internal.RegionFactoryInitiator    : HHH000026: Second-level cache disabled
2025-09-10T12:51:35.336+05:30  INFO 24112 --- [MeowMate_BackEnd] [main] o.s.o.j.p.SpringPersistenceUnitInfo      : No LoadTimeWeaver setup: ignoring JPA class transformer
2025-09-10T12:51:35.384+05:30  INFO 24112 --- [MeowMate_BackEnd] [main] com.zaxxer.hikari.HikariDataSource       : HikariPool-1 - Starting...
2025-09-10T12:51:36.026+05:30  INFO 24112 --- [MeowMate_BackEnd] [main] com.zaxxer.hikari.pool.HikariPool        : HikariPool-1 - Added connection com.mysql.cj.jdbc.ConnectionImpl@54496c2d
2025-09-10T12:51:36.029+05:30  INFO 24112 --- [MeowMate_BackEnd] [main] com.zaxxer.hikari.HikariDataSource       : HikariPool-1 - Start completed.
2025-09-10T12:51:36.203+05:30  WARN 24112 --- [MeowMate_BackEnd] [main] org.hibernate.orm.deprecation            : HHH90000025: MySQLDialect does not need to be specified explicitly using 'hibernate.dialect' (remove the property setting and it will be selected by default)
2025-09-10T12:51:36.236+05:30  INFO 24112 --- [MeowMate_BackEnd] [main] org.hibernate.orm.connections.pooling    : HHH10001005: Database info:
	Database JDBC URL [Connecting through datasource 'HikariDataSource (HikariPool-1)']
	Database driver: undefined/unknown
	Database version: 8.3
	Autocommit mode: undefined/unknown
	Isolation level: undefined/unknown
	Minimum pool size: undefined/unknown
	Maximum pool size: undefined/unknown
2025-09-10T12:51:37.717+05:30  INFO 24112 --- [MeowMate_BackEnd] [main] o.h.e.t.j.p.i.JtaPlatformInitiator       : HHH000489: No JTA platform available (set 'hibernate.transaction.jta.platform' to enable JTA platform integration)
2025-09-10T12:51:37.906+05:30  INFO 24112 --- [MeowMate_BackEnd] [main] j.LocalContainerEntityManagerFactoryBean : Initialized JPA EntityManagerFactory for persistence unit 'default'
2025-09-10T12:51:37.924+05:30  WARN 24112 --- [MeowMate_BackEnd] [main] ConfigServletWebServerApplicationContext : Exception encountered during context initialization - cancelling refresh attempt: org.springframework.beans.factory.UnsatisfiedDependencyException: Error creating bean with name 'meowMateBackEndApplication': Unsatisfied dependency expressed through field 'emailSenderService': Error creating bean with name 'emailSenderServiceController' defined in file [D:\AADFinalProject\MeowMate_BackEnd\target\classes\lk\ijse\gdse\meowmate_backend\controller\EmailSenderServiceController.class]: Unsatisfied dependency expressed through constructor parameter 0: No qualifying bean of type 'org.springframework.mail.javamail.JavaMailSender' available: expected at least 1 bean which qualifies as autowire candidate. Dependency annotations: {}
2025-09-10T12:51:37.925+05:30  INFO 24112 --- [MeowMate_BackEnd] [main] j.LocalContainerEntityManagerFactoryBean : Closing JPA EntityManagerFactory for persistence unit 'default'
2025-09-10T12:51:37.929+05:30  INFO 24112 --- [MeowMate_BackEnd] [main] com.zaxxer.hikari.HikariDataSource       : HikariPool-1 - Shutdown initiated...
2025-09-10T12:51:37.943+05:30  INFO 24112 --- [MeowMate_BackEnd] [main] com.zaxxer.hikari.HikariDataSource       : HikariPool-1 - Shutdown completed.
2025-09-10T12:51:37.946+05:30  INFO 24112 --- [MeowMate_BackEnd] [main] o.apache.catalina.core.StandardService   : Stopping service [Tomcat]
2025-09-10T12:51:37.961+05:30  INFO 24112 --- [MeowMate_BackEnd] [main] .s.b.a.l.ConditionEvaluationReportLogger : 

Error starting ApplicationContext. To display the condition evaluation report re-run your application with 'debug' enabled.
2025-09-10T12:51:37.994+05:30 ERROR 24112 --- [MeowMate_BackEnd] [main] o.s.b.d.LoggingFailureAnalysisReporter   : 

***************************
APPLICATION FAILED TO START
***************************

Description:

Parameter 0 of constructor in lk.ijse.gdse.meowmate_backend.controller.EmailSenderServiceController required a bean of type 'org.springframework.mail.javamail.JavaMailSender' that could not be found.

The injection point has the following annotations:
	- @org.springframework.beans.factory.annotation.Autowired(required=true)


Action:

Consider defining a bean of type 'org.springframework.mail.javamail.JavaMailSender' in your configuration.

